<?xml version="1.0" encoding="UTF-8"?>
<coverage generated="1526461029785" clover="3.2.0">
  <project timestamp="1526461029785" name="All files">
    <metrics statements="16" coveredstatements="0" conditionals="24" coveredconditionals="0" methods="3" coveredmethods="0" elements="43" coveredelements="0" complexity="0" loc="16" ncloc="16" packages="1" files="1" classes="1">
      <file name="CustomSort.js" path="/Users/bartekstolinski/repo/zwinne/src/utils/CustomSort.js">
        <metrics statements="16" coveredstatements="0" conditionals="24" coveredconditionals="0" methods="3" coveredmethods="0"/>
        <line num="3" count="0" type="cond" truecount="0" falsecount="2"/>
        <line num="4" count="0" type="cond" truecount="0" falsecount="2"/>
        <line num="5" count="0" type="cond" truecount="0" falsecount="2"/>
        <line num="7" count="0" type="cond" truecount="0" falsecount="2"/>
        <line num="8" count="0" type="cond" truecount="0" falsecount="2"/>
        <line num="11" count="0" type="cond" truecount="0" falsecount="2"/>
        <line num="12" count="0" type="stmt"/>
        <line num="14" count="0" type="stmt"/>
        <line num="19" count="0" type="cond" truecount="0" falsecount="2"/>
        <line num="20" count="0" type="stmt"/>
        <line num="21" count="0" type="cond" truecount="0" falsecount="4"/>
        <line num="22" count="0" type="cond" truecount="0" falsecount="2"/>
        <line num="24" count="0" type="cond" truecount="0" falsecount="2"/>
        <line num="29" count="0" type="cond" truecount="0" falsecount="2"/>
        <line num="30" count="0" type="stmt"/>
        <line num="32" count="0" type="stmt"/>
      </file>
    </metrics>
  </project>
</coverage>
