<?xml version="1.0" encoding="UTF-8"?>
<coverage generated="1526461476244" clover="3.2.0">
  <project timestamp="1526461476244" name="All files">
    <metrics statements="17" coveredstatements="1" conditionals="24" coveredconditionals="0" methods="4" coveredmethods="1" elements="45" coveredelements="2" complexity="0" loc="17" ncloc="17" packages="2" files="2" classes="2">
      <package name="components">
        <metrics statements="1" coveredstatements="1" conditionals="0" coveredconditionals="0" methods="1" coveredmethods="1"/>
        <file name="HelloWorld.vue" path="/Users/j.rolinski/Documents/studies/magisterka/zwinne_repo/src/components/HelloWorld.vue">
          <metrics statements="1" coveredstatements="1" conditionals="0" coveredconditionals="0" methods="1" coveredmethods="1"/>
          <line num="90" count="2" type="stmt"/>
        </file>
      </package>
      <package name="utils">
        <metrics statements="16" coveredstatements="0" conditionals="24" coveredconditionals="0" methods="3" coveredmethods="0"/>
        <file name="CustomSort.js" path="/Users/j.rolinski/Documents/studies/magisterka/zwinne_repo/src/utils/CustomSort.js">
          <metrics statements="16" coveredstatements="0" conditionals="24" coveredconditionals="0" methods="3" coveredmethods="0"/>
          <line num="3" count="0" type="cond" truecount="0" falsecount="2"/>
          <line num="4" count="0" type="cond" truecount="0" falsecount="2"/>
          <line num="5" count="0" type="cond" truecount="0" falsecount="2"/>
          <line num="7" count="0" type="cond" truecount="0" falsecount="2"/>
          <line num="8" count="0" type="cond" truecount="0" falsecount="2"/>
          <line num="11" count="0" type="cond" truecount="0" falsecount="2"/>
          <line num="12" count="0" type="stmt"/>
          <line num="14" count="0" type="stmt"/>
          <line num="19" count="0" type="cond" truecount="0" falsecount="2"/>
          <line num="20" count="0" type="stmt"/>
          <line num="21" count="0" type="cond" truecount="0" falsecount="4"/>
          <line num="22" count="0" type="cond" truecount="0" falsecount="2"/>
          <line num="24" count="0" type="cond" truecount="0" falsecount="2"/>
          <line num="29" count="0" type="cond" truecount="0" falsecount="2"/>
          <line num="30" count="0" type="stmt"/>
          <line num="32" count="0" type="stmt"/>
        </file>
      </package>
    </metrics>
  </project>
</coverage>
