{"/Users/j.rolinski/Documents/studies/magisterka/zwinne_repo/src/components/HelloWorld.vue": {"path":"/Users/j.rolinski/Documents/studies/magisterka/zwinne_repo/src/components/HelloWorld.vue","statementMap":{"0":{"start":{"line":90,"column":0},"end":{"line":null,"column":-1}}},"fnMap":{"0":{"name":"data","decl":{"start":{"line":89,"column":0},"end":{"line":null,"column":-1}},"loc":{"start":{"line":89,"column":0},"end":{"line":93,"column":0}}}},"branchMap":{},"s":{"0":2},"f":{"0":2},"b":{}}
,"/Users/j.rolinski/Documents/studies/magisterka/zwinne_repo/src/utils/CustomSort.js": {"path":"/Users/j.rolinski/Documents/studies/magisterka/zwinne_repo/src/utils/CustomSort.js","statementMap":{"0":{"start":{"line":3,"column":2},"end":{"line":9,"column":3}},"1":{"start":{"line":4,"column":4},"end":{"line":5,"column":25}},"2":{"start":{"line":4,"column":20},"end":{"line":4,"column":4}},"3":{"start":{"line":5,"column":9},"end":{"line":5,"column":25}},"4":{"start":{"line":5,"column":25},"end":{"line":null,"column":-1}},"5":{"start":{"line":7,"column":4},"end":{"line":8,"column":25}},"6":{"start":{"line":7,"column":20},"end":{"line":7,"column":4}},"7":{"start":{"line":8,"column":9},"end":{"line":8,"column":25}},"8":{"start":{"line":8,"column":25},"end":{"line":null,"column":-1}},"9":{"start":{"line":11,"column":2},"end":{"line":15,"column":3}},"10":{"start":{"line":12,"column":4},"end":{"line":null,"column":-1}},"11":{"start":{"line":14,"column":4},"end":{"line":null,"column":-1}},"12":{"start":{"line":19,"column":2},"end":{"line":25,"column":3}},"13":{"start":{"line":20,"column":4},"end":{"line":19,"column":2}},"14":{"start":{"line":21,"column":7},"end":{"line":25,"column":3}},"15":{"start":{"line":22,"column":4},"end":{"line":null,"column":-1}},"16":{"start":{"line":24,"column":4},"end":{"line":null,"column":-1}},"17":{"start":{"line":29,"column":2},"end":{"line":33,"column":3}},"18":{"start":{"line":30,"column":4},"end":{"line":null,"column":-1}},"19":{"start":{"line":32,"column":4},"end":{"line":null,"column":-1}}},"fnMap":{"0":{"name":"customSort","decl":{"start":{"line":1,"column":16},"end":{"line":1,"column":7}},"loc":{"start":{"line":1,"column":55},"end":{"line":16,"column":1}}},"1":{"name":"compareBooleans","decl":{"start":{"line":18,"column":9},"end":{"line":18,"column":0}},"loc":{"start":{"line":18,"column":53},"end":{"line":27,"column":1}}},"2":{"name":"compareStrings","decl":{"start":{"line":28,"column":9},"end":{"line":28,"column":0}},"loc":{"start":{"line":28,"column":52},"end":{"line":34,"column":1}}}},"branchMap":{"0":{"loc":{"start":{"line":3,"column":2},"end":{"line":9,"column":3}},"type":"if","locations":[{"start":{"line":3,"column":2},"end":{"line":9,"column":3}},{"start":{"line":3,"column":2},"end":{"line":9,"column":3}}]},"1":{"loc":{"start":{"line":4,"column":4},"end":{"line":5,"column":25}},"type":"if","locations":[{"start":{"line":4,"column":4},"end":{"line":5,"column":25}},{"start":{"line":4,"column":4},"end":{"line":5,"column":25}}]},"2":{"loc":{"start":{"line":5,"column":9},"end":{"line":5,"column":25}},"type":"if","locations":[{"start":{"line":5,"column":9},"end":{"line":5,"column":25}},{"start":{"line":5,"column":9},"end":{"line":5,"column":25}}]},"3":{"loc":{"start":{"line":7,"column":4},"end":{"line":8,"column":25}},"type":"if","locations":[{"start":{"line":7,"column":4},"end":{"line":8,"column":25}},{"start":{"line":7,"column":4},"end":{"line":8,"column":25}}]},"4":{"loc":{"start":{"line":8,"column":9},"end":{"line":8,"column":25}},"type":"if","locations":[{"start":{"line":8,"column":9},"end":{"line":8,"column":25}},{"start":{"line":8,"column":9},"end":{"line":8,"column":25}}]},"5":{"loc":{"start":{"line":11,"column":2},"end":{"line":15,"column":3}},"type":"if","locations":[{"start":{"line":11,"column":2},"end":{"line":15,"column":3}},{"start":{"line":11,"column":2},"end":{"line":15,"column":3}}]},"6":{"loc":{"start":{"line":19,"column":2},"end":{"line":25,"column":3}},"type":"if","locations":[{"start":{"line":19,"column":2},"end":{"line":25,"column":3}},{"start":{"line":19,"column":2},"end":{"line":25,"column":3}}]},"7":{"loc":{"start":{"line":21,"column":7},"end":{"line":25,"column":3}},"type":"if","locations":[{"start":{"line":21,"column":7},"end":{"line":25,"column":3}},{"start":{"line":21,"column":7},"end":{"line":25,"column":3}}]},"8":{"loc":{"start":{"line":21,"column":11},"end":{"line":21,"column":23}},"type":"binary-expr","locations":[{"start":{"line":21,"column":11},"end":{"line":21,"column":23}},{"start":{"line":21,"column":24},"end":{"line":21,"column":7}}]},"9":{"loc":{"start":{"line":22,"column":37},"end":{"line":22,"column":11}},"type":"cond-expr","locations":[{"start":{"line":22,"column":37},"end":{"line":22,"column":11}},{"start":{"line":22,"column":41},"end":{"line":22,"column":4}}]},"10":{"loc":{"start":{"line":24,"column":37},"end":{"line":24,"column":11}},"type":"cond-expr","locations":[{"start":{"line":24,"column":37},"end":{"line":24,"column":11}},{"start":{"line":24,"column":42},"end":{"line":24,"column":4}}]},"11":{"loc":{"start":{"line":29,"column":2},"end":{"line":33,"column":3}},"type":"if","locations":[{"start":{"line":29,"column":2},"end":{"line":33,"column":3}},{"start":{"line":29,"column":2},"end":{"line":33,"column":3}}]}},"s":{"0":0,"1":0,"2":0,"3":0,"4":0,"5":0,"6":0,"7":0,"8":0,"9":0,"10":0,"11":0,"12":0,"13":0,"14":0,"15":0,"16":0,"17":0,"18":0,"19":0},"f":{"0":0,"1":0,"2":0},"b":{"0":[0,0],"1":[0,0],"2":[0,0],"3":[0,0],"4":[0,0],"5":[0,0],"6":[0,0],"7":[0,0],"8":[0,0],"9":[0,0],"10":[0,0],"11":[0,0]}}
}
